#
# There is insufficient memory for the Java Runtime Environment to continue.
# Native memory allocation (malloc) failed to allocate 464016 bytes. Error detail: Chunk::new
# Possible reasons:
#   The system is out of physical RAM or swap space
#   This process is running with CompressedOops enabled, and the Java Heap may be blocking the growth of the native heap
# Possible solutions:
#   Reduce memory load on the system
#   Increase physical memory or swap space
#   Check if swap backing store is full
#   Decrease Java heap size (-Xmx/-Xms)
#   Decrease number of Java threads
#   Decrease Java thread stack sizes (-Xss)
#   Set larger code cache with -XX:ReservedCodeCacheSize=
#   JVM is running with Unscaled Compressed Oops mode in which the Java heap is
#     placed in the first 4GB address space. The Java Heap base address is the
#     maximum limit for the native heap growth. Please use -XX:HeapBaseMinAddress
#     to set the Java Heap base and to place the Java Heap above 4GB virtual address.
# This output file may be truncated or incomplete.
#
#  Out of Memory Error (arena.cpp:191), pid=8952, tid=10208
#
# JRE version: OpenJDK Runtime Environment Temurin-17.0.13+11 (17.0.13+11) (build 17.0.13+11)
# Java VM: OpenJDK 64-Bit Server VM Temurin-17.0.13+11 (17.0.13+11, mixed mode, tiered, compressed oops, compressed class ptrs, parallel gc, windows-amd64)
# No core dump will be written. Minidumps are not enabled by default on client versions of Windows
#

---------------  S U M M A R Y ------------

Command Line: --add-modules=ALL-SYSTEM --add-opens=java.base/java.util=ALL-UNNAMED --add-opens=java.base/java.lang=ALL-UNNAMED --add-opens=java.base/sun.nio.fs=ALL-UNNAMED -Declipse.application=org.eclipse.jdt.ls.core.id1 -Dosgi.bundles.defaultStartLevel=4 -Declipse.product=org.eclipse.jdt.ls.core.product -Djava.import.generatesMetadataFilesAtProjectRoot=false -DDetectVMInstallationsJob.disabled=true -Dfile.encoding=utf8 -XX:+UseParallelGC -XX:GCTimeRatio=4 -XX:AdaptiveSizePolicyWeight=90 -Dsun.zip.disableMemoryMapping=true -Xmx2G -Xms100m -Xlog:disable -javaagent:c:\Users\Lenovo\.vscode\extensions\redhat.java-1.38.0-win32-x64\lombok\lombok-1.18.34.jar c:\Users\Lenovo\.vscode\extensions\redhat.java-1.38.0-win32-x64\server\plugins\org.eclipse.equinox.launcher_1.6.900.v20240613-2009.jar -configuration c:\Users\Lenovo\AppData\Roaming\Code\User\globalStorage\redhat.java\1.38.0\config_ss_win -data c:\Users\Lenovo\AppData\Roaming\Code\User\workspaceStorage\28c200b53cfe9b73a4ef373d5e4f1b7d\redhat.java\ss_ws --pipe=\\.\pipe\lsp-82b2aa5a63eb7edbce8f8844bac10b71-sock

Host: AMD Ryzen 5 5600H with Radeon Graphics         , 12 cores, 5G,  Windows 11 , 64 bit Build 22621 (10.0.22621.4391)
Time: Mon Dec 23 15:18:40 2024 India Standard Time elapsed time: 0.723920 seconds (0d 0h 0m 0s)

---------------  T H R E A D  ---------------

Current thread (0x00000270e00adce0):  JavaThread "C2 CompilerThread0" daemon [_thread_in_native, id=10208, stack(0x000000fce0b00000,0x000000fce0c00000)]


Current CompileTask:
C2:    723  713   !   4       java.util.jar.Attributes::read (498 bytes)

Stack: [0x000000fce0b00000,0x000000fce0c00000]
Native frames: (J=compiled Java code, j=interpreted, Vv=VM code, C=native code)
V  [jvm.dll+0x682a19]
V  [jvm.dll+0x839538]
V  [jvm.dll+0x83afe3]
V  [jvm.dll+0x83b653]
V  [jvm.dll+0x24704f]
V  [jvm.dll+0xace34]
V  [jvm.dll+0xad4cc]
V  [jvm.dll+0x36592f]
V  [jvm.dll+0x32fbd8]
V  [jvm.dll+0x32f05a]
V  [jvm.dll+0x21804f]
V  [jvm.dll+0x21748f]
V  [jvm.dll+0x1a3070]
V  [jvm.dll+0x22788c]
V  [jvm.dll+0x2259eb]
V  [jvm.dll+0x7eec98]
V  [jvm.dll+0x7e8ffc]
V  [jvm.dll+0x6818f7]
C  [ucrtbase.dll+0x29333]
C  [KERNEL32.DLL+0x1259d]
C  [ntdll.dll+0x5af38]


---------------  P R O C E S S  ---------------

Threads class SMR info:
_java_thread_list=0x00000270e1938000, length=14, elements={
0x00000270c48dda60, 0x00000270dae1dda0, 0x00000270dae1e870, 0x00000270e00a3320,
0x00000270e00a3cf0, 0x00000270e00a4f60, 0x00000270e00a61d0, 0x00000270e00adce0,
0x00000270e00aee40, 0x00000270e00b06d0, 0x00000270c4940620, 0x00000270e025b020,
0x00000270e16a3000, 0x00000270e1a2e310
}

Java Threads: ( => current thread )
  0x00000270c48dda60 JavaThread "main" [_thread_in_vm, id=19184, stack(0x000000fce0200000,0x000000fce0300000)]
  0x00000270dae1dda0 JavaThread "Reference Handler" daemon [_thread_blocked, id=15252, stack(0x000000fce0500000,0x000000fce0600000)]
  0x00000270dae1e870 JavaThread "Finalizer" daemon [_thread_blocked, id=13268, stack(0x000000fce0600000,0x000000fce0700000)]
  0x00000270e00a3320 JavaThread "Signal Dispatcher" daemon [_thread_blocked, id=4216, stack(0x000000fce0700000,0x000000fce0800000)]
  0x00000270e00a3cf0 JavaThread "Attach Listener" daemon [_thread_blocked, id=8412, stack(0x000000fce0800000,0x000000fce0900000)]
  0x00000270e00a4f60 JavaThread "Service Thread" daemon [_thread_blocked, id=17072, stack(0x000000fce0900000,0x000000fce0a00000)]
  0x00000270e00a61d0 JavaThread "Monitor Deflation Thread" daemon [_thread_blocked, id=23924, stack(0x000000fce0a00000,0x000000fce0b00000)]
=>0x00000270e00adce0 JavaThread "C2 CompilerThread0" daemon [_thread_in_native, id=10208, stack(0x000000fce0b00000,0x000000fce0c00000)]
  0x00000270e00aee40 JavaThread "C1 CompilerThread0" daemon [_thread_blocked, id=20432, stack(0x000000fce0c00000,0x000000fce0d00000)]
  0x00000270e00b06d0 JavaThread "Sweeper thread" daemon [_thread_blocked, id=22292, stack(0x000000fce0d00000,0x000000fce0e00000)]
  0x00000270c4940620 JavaThread "Common-Cleaner" daemon [_thread_blocked, id=23900, stack(0x000000fce0e00000,0x000000fce0f00000)]
  0x00000270e025b020 JavaThread "Notification Thread" daemon [_thread_blocked, id=24408, stack(0x000000fce0f00000,0x000000fce1000000)]
  0x00000270e16a3000 JavaThread "C2 CompilerThread1" daemon [_thread_blocked, id=23912, stack(0x000000fce1100000,0x000000fce1200000)]
  0x00000270e1a2e310 JavaThread "C2 CompilerThread2" daemon [_thread_blocked, id=9072, stack(0x000000fce1200000,0x000000fce1300000)]

Other Threads:
  0x00000270dae19320 VMThread "VM Thread" [stack: 0x000000fce0400000,0x000000fce0500000] [id=6036]
  0x00000270e16388d0 WatcherThread [stack: 0x000000fce1000000,0x000000fce1100000] [id=2748]
  0x00000270c48f29f0 GCTaskThread "GC Thread#0" [stack: 0x000000fce0300000,0x000000fce0400000] [id=10012]

Threads with active compile tasks:
C2 CompilerThread0      780  713   !   4       java.util.jar.Attributes::read (498 bytes)

VM state: not at safepoint (normal execution)

VM Mutex/Monitor currently owned by a thread:  ([mutex/lock_event])
[0x00000270c48d8db0] Metaspace_lock - owner thread: 0x00000270c48dda60

Heap address: 0x0000000080000000, size: 2048 MB, Compressed Oops mode: 32-bit

CDS archive(s) not mapped
Compressed class space mapped at: 0x0000000100000000-0x0000000140000000, reserved size: 1073741824
Narrow klass base: 0x0000000000000000, Narrow klass shift: 3, Narrow klass range: 0x140000000

GC Precious Log:
 CPUs: 12 total, 12 available
 Memory: 5996M
 Large Page Support: Disabled
 NUMA Support: Disabled
 Compressed Oops: Enabled (32-bit)
 Alignments: Space 512K, Generation 512K, Heap 2M
 Heap Min Capacity: 100M
 Heap Initial Capacity: 100M
 Heap Max Capacity: 2G
 Pre-touch: Disabled
 Parallel Workers: 10

Heap:
 PSYoungGen      total 29696K, used 22290K [0x00000000d5580000, 0x00000000d7680000, 0x0000000100000000)
  eden space 25600K, 87% used [0x00000000d5580000,0x00000000d6b44940,0x00000000d6e80000)
  from space 4096K, 0% used [0x00000000d7280000,0x00000000d7280000,0x00000000d7680000)
  to   space 4096K, 0% used [0x00000000d6e80000,0x00000000d6e80000,0x00000000d7280000)
 ParOldGen       total 68608K, used 0K [0x0000000080000000, 0x0000000084300000, 0x00000000d5580000)
  object space 68608K, 0% used [0x0000000080000000,0x0000000080000000,0x0000000084300000)
 Metaspace       used 10086K, committed 10176K, reserved 1114112K
  class space    used 1011K, committed 1088K, reserved 1048576K

Card table byte_map: [0x00000270c4270000,0x00000270c4680000] _byte_map_base: 0x00000270c3e70000

Marking Bits: (ParMarkBitMap*) 0x00007fffa90e6940
 Begin Bits: [0x00000270d6820000, 0x00000270d8820000)
 End Bits:   [0x00000270d8820000, 0x00000270da820000)

Polling page: 0x00000270c2890000

Metaspace:

Usage:
  Non-class:      8.86 MB used.
      Class:   1011.10 KB used.
       Both:      9.85 MB used.

Virtual space:
  Non-class space:       64.00 MB reserved,       8.88 MB ( 14%) committed,  1 nodes.
      Class space:        1.00 GB reserved,       1.06 MB ( <1%) committed,  1 nodes.
             Both:        1.06 GB reserved,       9.94 MB ( <1%) committed. 

Chunk freelists:
   Non-Class:  6.67 MB
       Class:  14.99 MB
        Both:  21.66 MB

MaxMetaspaceSize: unlimited
CompressedClassSpaceSize: 1.00 GB
Initial GC threshold: 21.00 MB
Current GC threshold: 21.00 MB
CDS: off
MetaspaceReclaimPolicy: balanced
 - commit_granule_bytes: 65536.
 - commit_granule_words: 8192.
 - virtual_space_node_default_size: 8388608.
 - enlarge_chunks_in_place: 1.
 - new_chunks_are_fully_committed: 0.
 - uncommit_free_chunks: 1.
 - use_allocation_guard: 0.
 - handle_deallocations: 1.


Internal statistics:

num_allocs_failed_limit: 0.
num_arena_births: 16.
num_arena_deaths: 0.
num_vsnodes_births: 2.
num_vsnodes_deaths: 0.
num_space_committed: 159.
num_space_uncommitted: 0.
num_chunks_returned_to_freelist: 0.
num_chunks_taken_from_freelist: 67.
num_chunk_merges: 0.
num_chunk_splits: 44.
num_chunks_enlarged: 37.
num_inconsistent_stats: 0.

CodeHeap 'non-profiled nmethods': size=120000Kb used=342Kb max_used=342Kb free=119657Kb
 bounds [0x00000270cf040000, 0x00000270cf2b0000, 0x00000270d6570000]
CodeHeap 'profiled nmethods': size=120000Kb used=1250Kb max_used=1250Kb free=118749Kb
 bounds [0x00000270c7570000, 0x00000270c77e0000, 0x00000270ceaa0000]
CodeHeap 'non-nmethods': size=5760Kb used=1136Kb max_used=1164Kb free=4623Kb
 bounds [0x00000270ceaa0000, 0x00000270ced10000, 0x00000270cf040000]
 total_blobs=1244 nmethods=819 adapters=340
 compilation: enabled
              stopped_count=0, restarted_count=0
 full_count=0

Compilation events (20 events):
Event: 0.711 Thread 0x00000270e00aee40 nmethod 756 0x00000270c768db90 code [0x00000270c768dd20, 0x00000270c768de18]
Event: 0.714 Thread 0x00000270e00aee40  758       1       java.lang.invoke.MethodTypeForm::erasedType (5 bytes)
Event: 0.715 Thread 0x00000270e00aee40 nmethod 758 0x00000270cf08c310 code [0x00000270cf08c4a0, 0x00000270cf08c578]
Event: 0.715 Thread 0x00000270e00aee40  759       1       sun.invoke.util.Wrapper::basicTypeChar (5 bytes)
Event: 0.715 Thread 0x00000270e00aee40 nmethod 759 0x00000270cf08c610 code [0x00000270cf08c7a0, 0x00000270cf08c878]
Event: 0.717 Thread 0x00000270e00aee40  760       1       java.lang.reflect.Method::getName (5 bytes)
Event: 0.717 Thread 0x00000270e00aee40 nmethod 760 0x00000270cf08c910 code [0x00000270cf08caa0, 0x00000270cf08cb78]
Event: 0.717 Thread 0x00000270e00aee40  762       3       java.lang.invoke.MemberName::getReferenceKind (12 bytes)
Event: 0.717 Thread 0x00000270e00aee40 nmethod 762 0x00000270c768de90 code [0x00000270c768e020, 0x00000270c768e138]
Event: 0.718 Thread 0x00000270e00aee40  764       3       jdk.internal.org.objectweb.asm.SymbolTable::addConstantUtf8Reference (101 bytes)
Event: 0.718 Thread 0x00000270e00aee40 nmethod 764 0x00000270c768e210 code [0x00000270c768e420, 0x00000270c768e9f8]
Event: 0.718 Thread 0x00000270e00aee40  763       3       jdk.internal.org.objectweb.asm.SymbolTable::addConstantClass (8 bytes)
Event: 0.718 Thread 0x00000270e16a3000  765       4       jdk.internal.org.objectweb.asm.SymbolTable::get (13 bytes)
Event: 0.718 Thread 0x00000270e00aee40 nmethod 763 0x00000270c768ed10 code [0x00000270c768eea0, 0x00000270c768efe8]
Event: 0.719 Thread 0x00000270e00aee40  766       3       jdk.internal.org.objectweb.asm.ByteVector::putInt (74 bytes)
Event: 0.719 Thread 0x00000270e16a3000 nmethod 765 0x00000270cf08d010 code [0x00000270cf08d180, 0x00000270cf08d258]
Event: 0.719 Thread 0x00000270e00aee40 nmethod 766 0x00000270c768f090 code [0x00000270c768f240, 0x00000270c768f488]
Event: 0.719 Thread 0x00000270e00aee40  768       1       jdk.internal.org.objectweb.asm.SymbolTable::getMajorVersion (5 bytes)
Event: 0.719 Thread 0x00000270e00aee40 nmethod 768 0x00000270cf08d790 code [0x00000270cf08d920, 0x00000270cf08d9f8]
Event: 0.720 Thread 0x00000270e00aee40  769       3       jdk.internal.org.objectweb.asm.Frame::execute (2318 bytes)

GC Heap History (0 events):
No events

Dll operation events (8 events):
Event: 0.025 Loaded shared library c:\Users\Lenovo\.vscode\extensions\redhat.java-1.38.0-win32-x64\jre\17.0.13-win32-x86_64\bin\java.dll
Event: 0.124 Loaded shared library c:\Users\Lenovo\.vscode\extensions\redhat.java-1.38.0-win32-x64\jre\17.0.13-win32-x86_64\bin\zip.dll
Event: 0.127 Loaded shared library C:\Users\Lenovo\.vscode\extensions\redhat.java-1.38.0-win32-x64\jre\17.0.13-win32-x86_64\bin\instrument.dll
Event: 0.135 Loaded shared library C:\Users\Lenovo\.vscode\extensions\redhat.java-1.38.0-win32-x64\jre\17.0.13-win32-x86_64\bin\net.dll
Event: 0.139 Loaded shared library C:\Users\Lenovo\.vscode\extensions\redhat.java-1.38.0-win32-x64\jre\17.0.13-win32-x86_64\bin\nio.dll
Event: 0.146 Loaded shared library C:\Users\Lenovo\.vscode\extensions\redhat.java-1.38.0-win32-x64\jre\17.0.13-win32-x86_64\bin\zip.dll
Event: 0.166 Loaded shared library C:\Users\Lenovo\.vscode\extensions\redhat.java-1.38.0-win32-x64\jre\17.0.13-win32-x86_64\bin\jimage.dll
Event: 0.229 Loaded shared library c:\Users\Lenovo\.vscode\extensions\redhat.java-1.38.0-win32-x64\jre\17.0.13-win32-x86_64\bin\verify.dll

Deoptimization events (20 events):
Event: 0.511 Thread 0x00000270c48dda60 Uncommon trap: trap_request=0xffffff6e fr.pc=0x00000270cf0751ec relative=0x00000000000001ec
Event: 0.511 Thread 0x00000270c48dda60 Uncommon trap: reason=loop_limit_check action=maybe_recompile pc=0x00000270cf0751ec method=java.math.BigInteger.implMulAdd([I[IIII)I @ 26 c2
Event: 0.511 Thread 0x00000270c48dda60 DEOPT PACKING pc=0x00000270cf0751ec sp=0x000000fce02fd600
Event: 0.511 Thread 0x00000270c48dda60 DEOPT UNPACKING pc=0x00000270ceaf66a3 sp=0x000000fce02fd550 mode 2
Event: 0.556 Thread 0x00000270c48dda60 Uncommon trap: trap_request=0xffffff45 fr.pc=0x00000270cf07a874 relative=0x0000000000000074
Event: 0.556 Thread 0x00000270c48dda60 Uncommon trap: reason=unstable_if action=reinterpret pc=0x00000270cf07a874 method=jdk.internal.misc.Unsafe.convEndian(ZI)I @ 4 c2
Event: 0.556 Thread 0x00000270c48dda60 DEOPT PACKING pc=0x00000270cf07a874 sp=0x000000fce02fd800
Event: 0.556 Thread 0x00000270c48dda60 DEOPT UNPACKING pc=0x00000270ceaf66a3 sp=0x000000fce02fd730 mode 2
Event: 0.558 Thread 0x00000270c48dda60 Uncommon trap: trap_request=0xffffff45 fr.pc=0x00000270cf066628 relative=0x0000000000000568
Event: 0.558 Thread 0x00000270c48dda60 Uncommon trap: reason=unstable_if action=reinterpret pc=0x00000270cf066628 method=java.lang.AbstractStringBuilder.append(Ljava/lang/String;)Ljava/lang/AbstractStringBuilder; @ 1 c2
Event: 0.558 Thread 0x00000270c48dda60 DEOPT PACKING pc=0x00000270cf066628 sp=0x000000fce02fdb80
Event: 0.558 Thread 0x00000270c48dda60 DEOPT UNPACKING pc=0x00000270ceaf66a3 sp=0x000000fce02fdb00 mode 2
Event: 0.593 Thread 0x00000270c48dda60 DEOPT PACKING pc=0x00000270c75a52f4 sp=0x000000fce02fe420
Event: 0.593 Thread 0x00000270c48dda60 DEOPT UNPACKING pc=0x00000270ceaf6e43 sp=0x000000fce02fd8b0 mode 0
Event: 0.634 Thread 0x00000270c48dda60 DEOPT PACKING pc=0x00000270c763bd9c sp=0x000000fce02fdef0
Event: 0.634 Thread 0x00000270c48dda60 DEOPT UNPACKING pc=0x00000270ceaf6e43 sp=0x000000fce02fd348 mode 0
Event: 0.684 Thread 0x00000270c48dda60 Uncommon trap: trap_request=0xffffff45 fr.pc=0x00000270cf076c20 relative=0x0000000000000100
Event: 0.684 Thread 0x00000270c48dda60 Uncommon trap: reason=unstable_if action=reinterpret pc=0x00000270cf076c20 method=java.math.BigInteger.addOne([IIII)I @ 55 c2
Event: 0.684 Thread 0x00000270c48dda60 DEOPT PACKING pc=0x00000270cf076c20 sp=0x000000fce02fdd70
Event: 0.684 Thread 0x00000270c48dda60 DEOPT UNPACKING pc=0x00000270ceaf66a3 sp=0x000000fce02fdd10 mode 2

Classes loaded (20 events):
Event: 0.715 Loading class java/lang/PublicMethods
Event: 0.715 Loading class java/lang/PublicMethods done
Event: 0.715 Loading class java/util/LinkedHashMap$LinkedValueIterator
Event: 0.715 Loading class java/util/LinkedHashMap$LinkedValueIterator done
Event: 0.716 Loading class java/lang/module/ModuleDescriptor$Builder
Event: 0.716 Loading class java/lang/module/ModuleDescriptor$Builder done
Event: 0.717 Loading class java/lang/reflect/ProxyGenerator
Event: 0.717 Loading class java/lang/reflect/ProxyGenerator done
Event: 0.717 Loading class java/lang/reflect/ProxyGenerator$ProxyMethod
Event: 0.717 Loading class java/lang/reflect/ProxyGenerator$ProxyMethod done
Event: 0.718 Loading class java/lang/reflect/ProxyGenerator$PrimitiveTypeInfo
Event: 0.718 Loading class java/lang/reflect/ProxyGenerator$PrimitiveTypeInfo done
Event: 0.718 Loading class jdk/internal/org/objectweb/asm/Edge
Event: 0.718 Loading class jdk/internal/org/objectweb/asm/Edge done
Event: 0.719 Loading class java/lang/reflect/Proxy$ProxyBuilder$1
Event: 0.719 Loading class java/lang/reflect/Proxy$ProxyBuilder$1 done
Event: 0.719 Loading class java/lang/annotation/Target
Event: 0.719 Loading class java/lang/annotation/Target done
Event: 0.720 Loading class java/lang/ClassFormatError
Event: 0.720 Loading class java/lang/ClassFormatError done

Classes unloaded (0 events):
No events

Classes redefined (0 events):
No events

Internal exceptions (9 events):
Event: 0.107 Thread 0x00000270c48dda60 Exception <a 'java/lang/NoSuchMethodError'{0x00000000d57350e0}: 'void java.lang.invoke.DirectMethodHandle$Holder.invokeStatic(java.lang.Object, java.lang.Object, java.lang.Object)'> (0x00000000d57350e0) 
thrown [s\src\hotspot\share\interpreter\linkResolver.cpp, line 759]
Event: 0.283 Thread 0x00000270c48dda60 Exception <a 'java/lang/reflect/InvocationTargetException'{0x00000000d5a58758}> (0x00000000d5a58758) 
thrown [s\src\hotspot\share\runtime\reflection.cpp, line 1128]
Event: 0.532 Thread 0x00000270c48dda60 Exception <a 'java/lang/ClassNotFoundException'{0x00000000d6307e30}: sun/net/www/protocol/c/Handler> (0x00000000d6307e30) 
thrown [s\src\hotspot\share\classfile\systemDictionary.cpp, line 256]
Event: 0.555 Thread 0x00000270c48dda60 Exception <a 'java/io/FileNotFoundException'{0x00000000d631f350}> (0x00000000d631f350) 
thrown [s\src\hotspot\share\prims\jni.cpp, line 516]
Event: 0.555 Thread 0x00000270c48dda60 Exception <a 'java/io/FileNotFoundException'{0x00000000d6320070}> (0x00000000d6320070) 
thrown [s\src\hotspot\share\prims\jni.cpp, line 516]
Event: 0.555 Thread 0x00000270c48dda60 Exception <a 'java/io/FileNotFoundException'{0x00000000d6320d70}> (0x00000000d6320d70) 
thrown [s\src\hotspot\share\prims\jni.cpp, line 516]
Event: 0.555 Thread 0x00000270c48dda60 Exception <a 'java/io/FileNotFoundException'{0x00000000d6321a40}> (0x00000000d6321a40) 
thrown [s\src\hotspot\share\prims\jni.cpp, line 516]
Event: 0.558 Thread 0x00000270c48dda60 Implicit null exception at 0x00000270cf0660f2 to 0x00000270cf066610
Event: 0.559 Thread 0x00000270c48dda60 Exception <a 'java/io/FileNotFoundException'{0x00000000d635a880}> (0x00000000d635a880) 
thrown [s\src\hotspot\share\prims\jni.cpp, line 516]

VM Operations (6 events):
Event: 0.111 Executing VM operation: HandshakeAllThreads
Event: 0.111 Executing VM operation: HandshakeAllThreads done
Event: 0.517 Executing VM operation: HandshakeAllThreads
Event: 0.517 Executing VM operation: HandshakeAllThreads done
Event: 0.529 Executing VM operation: HandshakeAllThreads
Event: 0.529 Executing VM operation: HandshakeAllThreads done

Memory protections (0 events):
No events

Nmethod flushes (0 events):
No events

Events (16 events):
Event: 0.045 Thread 0x00000270c48dda60 Thread added: 0x00000270c48dda60
Event: 0.051 Thread 0x00000270c48dda60 Thread added: 0x00000270dae1dda0
Event: 0.051 Thread 0x00000270c48dda60 Thread added: 0x00000270dae1e870
Event: 0.065 Thread 0x00000270c48dda60 Thread added: 0x00000270e00a3320
Event: 0.065 Thread 0x00000270c48dda60 Thread added: 0x00000270e00a3cf0
Event: 0.065 Thread 0x00000270c48dda60 Thread added: 0x00000270e00a4f60
Event: 0.065 Thread 0x00000270c48dda60 Thread added: 0x00000270e00a61d0
Event: 0.065 Thread 0x00000270c48dda60 Thread added: 0x00000270e00adce0
Event: 0.065 Thread 0x00000270c48dda60 Thread added: 0x00000270e00aee40
Event: 0.065 Thread 0x00000270c48dda60 Thread added: 0x00000270e00b06d0
Event: 0.097 Thread 0x00000270c48dda60 Thread added: 0x00000270c4940620
Event: 0.115 Thread 0x00000270e00aee40 Thread added: 0x00000270e0258af0
Event: 0.348 Thread 0x00000270e0258af0 Thread exited: 0x00000270e0258af0
Event: 0.382 Thread 0x00000270c48dda60 Thread added: 0x00000270e025b020
Event: 0.471 Thread 0x00000270e00aee40 Thread added: 0x00000270e16a3000
Event: 0.524 Thread 0x00000270e16a3000 Thread added: 0x00000270e1a2e310


Dynamic libraries:
0x00007ff7976f0000 - 0x00007ff7976fe000 	c:\Users\Lenovo\.vscode\extensions\redhat.java-1.38.0-win32-x64\jre\17.0.13-win32-x86_64\bin\java.exe
0x00007ff83c370000 - 0x00007ff83c587000 	C:\WINDOWS\SYSTEM32\ntdll.dll
0x00007ff83a080000 - 0x00007ff83a144000 	C:\WINDOWS\System32\KERNEL32.DLL
0x00007ff839640000 - 0x00007ff8399fa000 	C:\WINDOWS\System32\KERNELBASE.dll
0x00007ff839d60000 - 0x00007ff839e71000 	C:\WINDOWS\System32\ucrtbase.dll
0x00007ff820d20000 - 0x00007ff820d37000 	c:\Users\Lenovo\.vscode\extensions\redhat.java-1.38.0-win32-x64\jre\17.0.13-win32-x86_64\bin\jli.dll
0x00007ff82e8b0000 - 0x00007ff82e8ce000 	c:\Users\Lenovo\.vscode\extensions\redhat.java-1.38.0-win32-x64\jre\17.0.13-win32-x86_64\bin\VCRUNTIME140.dll
0x00007ff83c0e0000 - 0x00007ff83c28e000 	C:\WINDOWS\System32\USER32.dll
0x00007ff81d8a0000 - 0x00007ff81db32000 	C:\WINDOWS\WinSxS\amd64_microsoft.windows.common-controls_6595b64144ccf1df_6.0.22621.4541_none_2710d1c57384c085\COMCTL32.dll
0x00007ff839d30000 - 0x00007ff839d56000 	C:\WINDOWS\System32\win32u.dll
0x00007ff83b100000 - 0x00007ff83b129000 	C:\WINDOWS\System32\GDI32.dll
0x00007ff83a990000 - 0x00007ff83aa37000 	C:\WINDOWS\System32\msvcrt.dll
0x00007ff839a00000 - 0x00007ff839b1b000 	C:\WINDOWS\System32\gdi32full.dll
0x00007ff839ba0000 - 0x00007ff839c3a000 	C:\WINDOWS\System32\msvcp_win.dll
0x00007ff83beb0000 - 0x00007ff83bee1000 	C:\WINDOWS\System32\IMM32.DLL
0x00007ff835f30000 - 0x00007ff835f3c000 	c:\Users\Lenovo\.vscode\extensions\redhat.java-1.38.0-win32-x64\jre\17.0.13-win32-x86_64\bin\vcruntime140_1.dll
0x00007ff805340000 - 0x00007ff8053cd000 	c:\Users\Lenovo\.vscode\extensions\redhat.java-1.38.0-win32-x64\jre\17.0.13-win32-x86_64\bin\msvcp140.dll
0x00007fffa8540000 - 0x00007fffa91ab000 	c:\Users\Lenovo\.vscode\extensions\redhat.java-1.38.0-win32-x64\jre\17.0.13-win32-x86_64\bin\server\jvm.dll
0x00007ff83b420000 - 0x00007ff83b4d2000 	C:\WINDOWS\System32\ADVAPI32.dll
0x00007ff83afc0000 - 0x00007ff83b067000 	C:\WINDOWS\System32\sechost.dll
0x00007ff839d00000 - 0x00007ff839d28000 	C:\WINDOWS\System32\bcrypt.dll
0x00007ff83a230000 - 0x00007ff83a344000 	C:\WINDOWS\System32\RPCRT4.dll
0x00007ff83af40000 - 0x00007ff83afb1000 	C:\WINDOWS\System32\WS2_32.dll
0x00007ff839510000 - 0x00007ff83955d000 	C:\WINDOWS\SYSTEM32\POWRPROF.dll
0x00007ff833800000 - 0x00007ff833834000 	C:\WINDOWS\SYSTEM32\WINMM.dll
0x00007ff833920000 - 0x00007ff83392a000 	C:\WINDOWS\SYSTEM32\VERSION.dll
0x00007ff8394f0000 - 0x00007ff839503000 	C:\WINDOWS\SYSTEM32\UMPDC.dll
0x00007ff8385e0000 - 0x00007ff8385f8000 	C:\WINDOWS\SYSTEM32\kernel.appcore.dll
0x00007ff831a70000 - 0x00007ff831a7a000 	c:\Users\Lenovo\.vscode\extensions\redhat.java-1.38.0-win32-x64\jre\17.0.13-win32-x86_64\bin\jimage.dll
0x00007ff837190000 - 0x00007ff8373c2000 	C:\WINDOWS\SYSTEM32\DBGHELP.DLL
0x00007ff83aab0000 - 0x00007ff83ae3f000 	C:\WINDOWS\System32\combase.dll
0x00007ff83a150000 - 0x00007ff83a227000 	C:\WINDOWS\System32\OLEAUT32.dll
0x00007ff82f230000 - 0x00007ff82f262000 	C:\WINDOWS\SYSTEM32\dbgcore.DLL
0x00007ff839ff0000 - 0x00007ff83a06b000 	C:\WINDOWS\System32\bcryptPrimitives.dll
0x00007ff82e5f0000 - 0x00007ff82e5fe000 	c:\Users\Lenovo\.vscode\extensions\redhat.java-1.38.0-win32-x64\jre\17.0.13-win32-x86_64\bin\instrument.dll
0x00007ff814e80000 - 0x00007ff814ea5000 	c:\Users\Lenovo\.vscode\extensions\redhat.java-1.38.0-win32-x64\jre\17.0.13-win32-x86_64\bin\java.dll
0x00007ff81b210000 - 0x00007ff81b228000 	c:\Users\Lenovo\.vscode\extensions\redhat.java-1.38.0-win32-x64\jre\17.0.13-win32-x86_64\bin\zip.dll
0x00007ff83b5e0000 - 0x00007ff83be58000 	C:\WINDOWS\System32\SHELL32.dll
0x00007ff837530000 - 0x00007ff837e38000 	C:\WINDOWS\SYSTEM32\windows.storage.dll
0x00007ff8373f0000 - 0x00007ff83752f000 	C:\WINDOWS\SYSTEM32\wintypes.dll
0x00007ff83b4e0000 - 0x00007ff83b5da000 	C:\WINDOWS\System32\SHCORE.dll
0x00007ff83b310000 - 0x00007ff83b36e000 	C:\WINDOWS\System32\shlwapi.dll
0x00007ff839570000 - 0x00007ff83959b000 	C:\WINDOWS\SYSTEM32\profapi.dll
0x00007ff814d30000 - 0x00007ff814d49000 	C:\Users\Lenovo\.vscode\extensions\redhat.java-1.38.0-win32-x64\jre\17.0.13-win32-x86_64\bin\net.dll
0x00007ff833600000 - 0x00007ff833736000 	C:\WINDOWS\SYSTEM32\WINHTTP.dll
0x00007ff838ab0000 - 0x00007ff838b19000 	C:\WINDOWS\system32\mswsock.dll
0x00007ff814ab0000 - 0x00007ff814ac6000 	C:\Users\Lenovo\.vscode\extensions\redhat.java-1.38.0-win32-x64\jre\17.0.13-win32-x86_64\bin\nio.dll
0x00007ff82e3c0000 - 0x00007ff82e3d0000 	c:\Users\Lenovo\.vscode\extensions\redhat.java-1.38.0-win32-x64\jre\17.0.13-win32-x86_64\bin\verify.dll

dbghelp: loaded successfully - version: 4.0.5 - missing functions: none
symbol engine: initialized successfully - sym options: 0x614 - pdb path: .;c:\Users\Lenovo\.vscode\extensions\redhat.java-1.38.0-win32-x64\jre\17.0.13-win32-x86_64\bin;C:\WINDOWS\SYSTEM32;C:\WINDOWS\WinSxS\amd64_microsoft.windows.common-controls_6595b64144ccf1df_6.0.22621.4541_none_2710d1c57384c085;c:\Users\Lenovo\.vscode\extensions\redhat.java-1.38.0-win32-x64\jre\17.0.13-win32-x86_64\bin\server

VM Arguments:
jvm_args: --add-modules=ALL-SYSTEM --add-opens=java.base/java.util=ALL-UNNAMED --add-opens=java.base/java.lang=ALL-UNNAMED --add-opens=java.base/sun.nio.fs=ALL-UNNAMED -Declipse.application=org.eclipse.jdt.ls.core.id1 -Dosgi.bundles.defaultStartLevel=4 -Declipse.product=org.eclipse.jdt.ls.core.product -Djava.import.generatesMetadataFilesAtProjectRoot=false -DDetectVMInstallationsJob.disabled=true -Dfile.encoding=utf8 -XX:+UseParallelGC -XX:GCTimeRatio=4 -XX:AdaptiveSizePolicyWeight=90 -Dsun.zip.disableMemoryMapping=true -Xmx2G -Xms100m -Xlog:disable -javaagent:c:\Users\Lenovo\.vscode\extensions\redhat.java-1.38.0-win32-x64\lombok\lombok-1.18.34.jar 
java_command: c:\Users\Lenovo\.vscode\extensions\redhat.java-1.38.0-win32-x64\server\plugins\org.eclipse.equinox.launcher_1.6.900.v20240613-2009.jar -configuration c:\Users\Lenovo\AppData\Roaming\Code\User\globalStorage\redhat.java\1.38.0\config_ss_win -data c:\Users\Lenovo\AppData\Roaming\Code\User\workspaceStorage\28c200b53cfe9b73a4ef373d5e4f1b7d\redhat.java\ss_ws --pipe=\\.\pipe\lsp-82b2aa5a63eb7edbce8f8844bac10b71-sock
java_class_path (initial): c:\Users\Lenovo\.vscode\extensions\redhat.java-1.38.0-win32-x64\server\plugins\org.eclipse.equinox.launcher_1.6.900.v20240613-2009.jar
Launcher Type: SUN_STANDARD

[Global flags]
    uintx AdaptiveSizePolicyWeight                 = 90                                        {product} {command line}
     intx CICompilerCount                          = 4                                         {product} {ergonomic}
    uintx GCTimeRatio                              = 4                                         {product} {command line}
   size_t InitialHeapSize                          = 104857600                                 {product} {command line}
   size_t MaxHeapSize                              = 2147483648                                {product} {command line}
   size_t MaxNewSize                               = 715653120                                 {product} {ergonomic}
   size_t MinHeapDeltaBytes                        = 524288                                    {product} {ergonomic}
   size_t MinHeapSize                              = 104857600                                 {product} {command line}
   size_t NewSize                                  = 34603008                                  {product} {ergonomic}
    uintx NonNMethodCodeHeapSize                   = 5839372                                {pd product} {ergonomic}
    uintx NonProfiledCodeHeapSize                  = 122909434                              {pd product} {ergonomic}
   size_t OldSize                                  = 70254592                                  {product} {ergonomic}
    uintx ProfiledCodeHeapSize                     = 122909434                              {pd product} {ergonomic}
    uintx ReservedCodeCacheSize                    = 251658240                              {pd product} {ergonomic}
     bool SegmentedCodeCache                       = true                                      {product} {ergonomic}
   size_t SoftMaxHeapSize                          = 2147483648                             {manageable} {ergonomic}
     bool UseCompressedClassPointers               = true                           {product lp64_product} {ergonomic}
     bool UseCompressedOops                        = true                           {product lp64_product} {ergonomic}
     bool UseLargePagesIndividualAllocation        = false                                  {pd product} {ergonomic}
     bool UseParallelGC                            = true                                      {product} {command line}

Logging:
Log output configuration:
 #0: stdout all=off uptime,level,tags
 #1: stderr all=off uptime,level,tags

Environment Variables:
PATH=C:\Program Files\Common Files\Oracle\Java\javapath;C:\Windows\system32;C:\Windows;C:\Windows\System32\Wbem;C:\Windows\System32\WindowsPowerShell\v1.0\;C:\Windows\System32\OpenSSH\;C:\Program Files (x86)\NVIDIA Corporation\PhysX\Common;C:\Program Files\NVIDIA Corporation\NVIDIA NvDLISR;C:\WINDOWS\system32;C:\WINDOWS;C:\WINDOWS\System32\Wbem;C:\WINDOWS\System32\WindowsPowerShell\v1.0\;C:\WINDOWS\System32\OpenSSH\;C:\Program Files\Java\jdk-20\bin;C:\Program Files\nodejs\;C:\Program Files\Git\cmd;C:\Program Files\Git\mingw64\bin;C:\Program Files\Git\usr\bin;C:\Users\Lenovo\AppData\Local\Programs\Python\Python311\Scripts\;C:\Users\Lenovo\AppData\Local\Programs\Python\Python311\;C:\Users\Lenovo\AppData\Local\Microsoft\WindowsApps;C:\MinGW\bin;;C:\Users\Lenovo\AppData\Local\Programs\Microsoft VS Code\bin;C:\Users\Lenovo\AppData\Roaming\npm;C:\Users\Lenovo\AppData\Local\JetBrains\PyCharm Edu 2022.2.2\bin;
USERNAME=Lenovo
OS=Windows_NT
PROCESSOR_IDENTIFIER=AMD64 Family 25 Model 80 Stepping 0, AuthenticAMD
TMP=C:\Users\Lenovo\AppData\Local\Temp
TEMP=C:\Users\Lenovo\AppData\Local\Temp



Periodic native trim disabled


---------------  S Y S T E M  ---------------

OS:
 Windows 11 , 64 bit Build 22621 (10.0.22621.4391)
OS uptime: 7 days 17:56 hours
Hyper-V role detected

CPU: total 12 (initial active 12) (12 cores per cpu, 2 threads per core) family 25 model 80 stepping 0 microcode 0x0, cx8, cmov, fxsr, ht, mmx, 3dnowpref, sse, sse2, sse3, ssse3, sse4a, sse4.1, sse4.2, popcnt, lzcnt, tsc, tscinvbit, avx, avx2, aes, erms, clmul, bmi1, bmi2, adx, sha, fma, vzeroupper, clflush, clflushopt, hv
Processor Information for processor 0
  Max Mhz: 3301, Current Mhz: 3301, Mhz Limit: 3301
Processor Information for processor 1
  Max Mhz: 3301, Current Mhz: 2630, Mhz Limit: 3301
Processor Information for processor 2
  Max Mhz: 3301, Current Mhz: 3301, Mhz Limit: 3301
Processor Information for processor 3
  Max Mhz: 3301, Current Mhz: 2630, Mhz Limit: 3301
Processor Information for processor 4
  Max Mhz: 3301, Current Mhz: 3301, Mhz Limit: 3301
Processor Information for processor 5
  Max Mhz: 3301, Current Mhz: 3301, Mhz Limit: 3301
Processor Information for processor 6
  Max Mhz: 3301, Current Mhz: 3301, Mhz Limit: 3301
Processor Information for processor 7
  Max Mhz: 3301, Current Mhz: 3301, Mhz Limit: 3301
Processor Information for processor 8
  Max Mhz: 3301, Current Mhz: 3301, Mhz Limit: 3301
Processor Information for processor 9
  Max Mhz: 3301, Current Mhz: 2630, Mhz Limit: 3301
Processor Information for processor 10
  Max Mhz: 3301, Current Mhz: 3301, Mhz Limit: 3301
Processor Information for processor 11
  Max Mhz: 3301, Current Mhz: 3301, Mhz Limit: 3301

Memory: 4k page, system-wide physical 5996M (622M free)
TotalPageFile size 24428M (AvailPageFile size 105M)
current process WorkingSet (physical memory assigned to process): 69M, peak: 69M
current process commit charge ("private bytes"): 239M, peak: 239M

vm_info: OpenJDK 64-Bit Server VM (17.0.13+11) for windows-amd64 JRE (17.0.13+11), built on Oct 16 2024 00:10:08 by "admin" with MS VC++ 17.7 (VS2022)

END.
